2026-01-04 13:52:39 | EMAIL SERVICE ENTERED(sendTheatreCreatedEmail) for jalibkenz@hotmail.com
2026-01-04 13:52:44 | EMAIL_SENT | TO=jalibkenz@hotmail.com | SUBJECT=🎬 Theatre Created Successfully - Apsara
2026-01-04 14:12:26 | EMAIL SERVICE ENTERED(sendTheatreCreatedEmail) for jalibkenz@hotmail.com
2026-01-04 14:12:31 | EMAIL_SENT | TO=jalibkenz@hotmail.com | SUBJECT=🎬 Theatre Created Successfully - Apsara
2026-01-04 14:22:01 | EMAIL SERVICE ENTERED(sendTheatreCreatedEmail) for jalibkenz@hotmail.com
2026-01-04 14:22:05 | EMAIL_SENT | TO=jalibkenz@hotmail.com | SUBJECT=🎬 Theatre Created Successfully - Apsara
2026-01-04 14:30:48 | EMAIL SERVICE ENTERED(sendTheatreCreatedEmail) for jalibkenz@hotmail.com
2026-01-04 14:30:52 | EMAIL_SENT | TO=jalibkenz@hotmail.com | SUBJECT=🎬 Theatre Created Successfully - Apsara
2026-01-04 14:34:41 | EMAIL SERVICE ENTERED(sendTheatreCreatedEmail) for jalibkenz@hotmail.com
2026-01-04 14:34:46 | EMAIL_SENT | TO=jalibkenz@hotmail.com | SUBJECT=🎬 Theatre Created Successfully - Apsara
2026-01-04 14:43:51 | EMAIL SERVICE ENTERED(sendTheatreCreatedEmail) for jalibkenz@hotmail.com
2026-01-04 14:43:56 | EMAIL_SENT | TO=jalibkenz@hotmail.com | SUBJECT=🎬 Theatre Created Successfully - Apsara
2026-01-04 14:44:34 | Sender email resolved as jalibcodes@gmail.com
2026-01-04 14:44:34 | EMAIL SERVICE ENTERED(sendUserCreatedMail) for jalibkenz@hotmail.com
2026-01-04 14:44:39 | EMAIL_SENT | TO=jalibkenz@hotmail.com | SUBJECT=Welcome asd, Your profile has been CREATED 💖
2026-01-04 14:45:26 | EMAIL SERVICE ENTERED(sendTheatreCreatedEmail) for jalibkenz@hotmail.com
2026-01-04 14:45:30 | EMAIL_SENT | TO=jalibkenz@hotmail.com | SUBJECT=🎬 Theatre Created Successfully - Apsara
2026-01-04 14:45:51 | EMAIL SERVICE ENTERED(sendTheatreCreatedEmail) for jalibkenz@hotmail.com
2026-01-04 14:45:55 | EMAIL_SENT | TO=jalibkenz@hotmail.com | SUBJECT=🎬 Theatre Created Successfully - Apsara
2026-01-04 14:47:37 | EMAIL SERVICE ENTERED(sendTheatreCreatedEmail) for jalibkenz@hotmail.com
2026-01-04 14:47:41 | EMAIL_SENT | TO=jalibkenz@hotmail.com | SUBJECT=🎬 Theatre Created Successfully - Apsara
2026-01-04 14:48:18 | EMAIL SERVICE ENTERED(sendTheatreCreatedEmail) for jalibkenz@hotmail.com
2026-01-04 14:48:22 | EMAIL_SENT | TO=jalibkenz@hotmail.com | SUBJECT=🎬 Theatre Created Successfully - Apsara
2026-01-04 14:49:57 | EMAIL SERVICE ENTERED(sendTheatreCreatedEmail) for jalibkenz@hotmail.com
2026-01-04 14:50:01 | EMAIL_SENT | TO=jalibkenz@hotmail.com | SUBJECT=🎬 Theatre Created Successfully - Apsara
2026-01-04 14:50:05 | EMAIL SERVICE ENTERED(sendTheatreCreatedEmail) for jalibkenz@hotmail.com
2026-01-04 14:50:08 | EMAIL_SENT | TO=jalibkenz@hotmail.com | SUBJECT=🎬 Theatre Created Successfully - Apsara1
2026-01-04 15:00:33 | EMAIL SERVICE ENTERED(sendTheatreCreatedEmail) for jalibkenz@hotmail.com
2026-01-04 15:00:38 | EMAIL_SENT | TO=jalibkenz@hotmail.com | SUBJECT=🎬 Theatre Created Successfully - Apsara
2026-01-04 15:16:27 | EMAIL SERVICE ENTERED(sendTheatreCreatedEmail) for jalibkenz@hotmail.com
2026-01-04 15:16:31 | EMAIL_SENT | TO=jalibkenz@hotmail.com | SUBJECT=🎬 Theatre Created Successfully - Apsara
2026-01-04 15:18:22 | EMAIL SERVICE ENTERED(sendTheatreCreatedEmail) for jalibkenz@hotmail.com
2026-01-04 15:18:26 | EMAIL_SENT | TO=jalibkenz@hotmail.com | SUBJECT=🎬 Theatre Created Successfully - Apsara
2026-01-04 15:20:09 | EMAIL SERVICE ENTERED(sendTheatreProfileUpdatedEmail) for jalibkenz@hotmail.com
2026-01-04 15:20:13 | EMAIL_SENT | TO=jalibkenz@hotmail.com | SUBJECT=⚠️ Theatre Profile Updated - Apsara
2026-01-04 16:27:50 | Sender email resolved as jalibcodes@gmail.com
2026-01-04 16:27:50 | EMAIL SERVICE ENTERED(sendUserCreatedMail) for jalibkenz@outlook.com
2026-01-04 16:27:55 | EMAIL_SENT | TO=jalibkenz@outlook.com | SUBJECT=Welcome Jalib, Your profile has been CREATED 💖
2026-01-04 16:30:10 | Sender email resolved as jalibcodes@gmail.com
2026-01-04 16:30:10 | EMAIL SERVICE ENTERED(sendUserCreatedMail) for jalibkenz@outlook.com
2026-01-04 16:30:14 | EMAIL_SENT | TO=jalibkenz@outlook.com | SUBJECT=Welcome Jalib, Your profile has been CREATED 💖
